#
# A fatal error has been detected by the Java Runtime Environment:
#
# java.lang.OutOfMemoryError: requested 262096 bytes for Chunk::new. Out of swap space?
#
#  Internal Error (allocation.cpp:215), pid=8676, tid=9548
#  Error: Chunk::new
#
# JRE version: 6.0_17-b04
# Java VM: Java HotSpot(TM) 64-Bit Server VM (14.3-b01 mixed mode windows-amd64 )
# If you would like to submit a bug report, please visit:
#   http://java.sun.com/webapps/bugreport/crash.jsp
#

---------------  T H R E A D  ---------------

Current thread (0x000000000d684000):  JavaThread "CompilerThread0" daemon [_thread_in_native, id=9548, stack(0x0000000055030000,0x0000000059030000)]

Stack: [0x0000000055030000,0x0000000059030000]

Current CompileTask:
C2:1768      com.mathworks.mlwidgets.explorer.model.table.UiFileList.diffAndSendEvents(Lcom/mathworks/mlwidgets/explorer/model/table/UiFileList$CachedData;)V (304 bytes)


---------------  P R O C E S S  ---------------

Java Threads: ( => current thread )
  0x000000000ed3c000 JavaThread "Active Reference Queue Daemon" daemon [_thread_blocked, id=10344, stack(0x0000000027070000,0x00000000270f0000)]
  0x000000000ed3f800 JavaThread "Timer-113" daemon [_thread_blocked, id=8896, stack(0x0000000029540000,0x00000000295c0000)]
  0x000000000ed3f000 JavaThread "Prefs Updater" daemon [_thread_blocked, id=9268, stack(0x0000000026980000,0x0000000026a00000)]
  0x000000000ed3d800 JavaThread "pool-7-thread-1" [_thread_blocked, id=9952, stack(0x00000000294c0000,0x0000000029540000)]
  0x000000000ed40800 JavaThread "Timer-9" daemon [_thread_blocked, id=12224, stack(0x0000000059110000,0x0000000059190000)]
  0x000000000ed3e000 JavaThread "Explorer NavigationContext request queue" [_thread_blocked, id=10756, stack(0x0000000015050000,0x00000000150d0000)]
  0x000000000ed3c800 JavaThread "AddressBar directory emptiness poller" [_thread_blocked, id=9800, stack(0x0000000059070000,0x00000000590f0000)]
  0x000000000ed3b800 JavaThread "Timer-1" [_thread_blocked, id=10668, stack(0x0000000021370000,0x00000000213f0000)]
  0x000000000f0f6800 JavaThread "TimerQueue" daemon [_thread_blocked, id=10000, stack(0x000000000d830000,0x000000000d8b0000)]
  0x000000000eb61000 JavaThread "AWT-EventQueue-0" [_thread_blocked, id=9688, stack(0x000000000fcd0000,0x000000000fd50000)]
  0x000000000f294000 JavaThread "AWT-Shutdown" [_thread_blocked, id=1028, stack(0x000000000f7b0000,0x000000000f830000)]
  0x000000000e6ce800 JavaThread "FelixPackageAdmin" daemon [_thread_blocked, id=6752, stack(0x000000000fb30000,0x000000000fbb0000)]
  0x000000000edc7000 JavaThread "FelixStartLevel" daemon [_thread_blocked, id=9480, stack(0x000000000f720000,0x000000000f7a0000)]
  0x000000000e68e000 JavaThread "FelixDispatchQueue" daemon [_thread_blocked, id=10976, stack(0x000000000fa40000,0x000000000fac0000)]
  0x000000000eda1800 JavaThread "com.google.common.base.internal.Finalizer" daemon [_thread_blocked, id=9572, stack(0x000000000fdc0000,0x000000000fe40000)]
  0x000000000e96c800 JavaThread "AWT-Windows" daemon [_thread_in_native, id=6972, stack(0x0000000008180000,0x0000000008200000)]
  0x000000000e68d800 JavaThread "Java2D Disposer" daemon [_thread_blocked, id=10504, stack(0x00000000080c0000,0x0000000008140000)]
  0x000000000db3d800 JavaThread "Timer-0" [_thread_blocked, id=7992, stack(0x000000000f880000,0x000000000f900000)]
  0x000000000e691800 JavaThread "EventMgr Dispatcher" daemon [_thread_in_native, id=6300, stack(0x0000000010ff0000,0x0000000014ff0000)]
  0x000000000d692800 JavaThread "Low Memory Detector" daemon [_thread_blocked, id=11740, stack(0x000000000daa0000,0x000000000db20000)]
  0x000000000d68d000 JavaThread "CompilerThread1" daemon [_thread_blocked, id=11624, stack(0x0000000065ce0000,0x0000000069ce0000)]
=>0x000000000d684000 JavaThread "CompilerThread0" daemon [_thread_in_native, id=9548, stack(0x0000000055030000,0x0000000059030000)]
  0x000000000d63c800 JavaThread "Attach Listener" daemon [_thread_blocked, id=10388, stack(0x000000000d970000,0x000000000d9f0000)]
  0x000000000d62b800 JavaThread "Finalizer" daemon [_thread_blocked, id=10512, stack(0x000000000d7b0000,0x000000000d830000)]
  0x000000000d625800 JavaThread "Reference Handler" daemon [_thread_blocked, id=6672, stack(0x000000000d8b0000,0x000000000d930000)]
  0x00000000051f3800 JavaThread "main" [_thread_in_native, id=8576, stack(0x0000000000050000,0x0000000004050000)]

Other Threads:
  0x000000000d622000 VMThread [stack: 0x0000000050e50000,0x0000000054e50000] [id=9056]
  0x000000000d69e800 WatcherThread [stack: 0x000000006de60000,0x0000000071e60000] [id=9948]

VM state:not at safepoint (normal execution)

VM Mutex/Monitor currently owned by a thread: None

Heap
 PSYoungGen      total 38656K, used 25771K [0x000000003d900000, 0x0000000040a00000, 0x0000000040a00000)
  eden space 27136K, 94% used [0x000000003d900000,0x000000003f1f6f78,0x000000003f380000)
  from space 11520K, 1% used [0x000000003fe80000,0x000000003feb4018,0x00000000409c0000)
  to   space 11264K, 0% used [0x000000003f380000,0x000000003f380000,0x000000003fe80000)
 PSOldGen        total 87360K, used 70165K [0x0000000034600000, 0x0000000039b50000, 0x000000003d900000)
  object space 87360K, 80% used [0x0000000034600000,0x0000000038a85550,0x0000000039b50000)
 PSPermGen       total 116864K, used 64076K [0x000000002c600000, 0x0000000033820000, 0x0000000034600000)
  object space 116864K, 54% used [0x000000002c600000,0x0000000030493368,0x0000000033820000)

Dynamic libraries:
0x000000013f630000 - 0x000000013f662000 	C:\Program Files\MATLAB\R2012a\bin\win64\MATLAB.exe
0x0000000077790000 - 0x0000000077938000 	C:\Windows\SYSTEM32\ntdll.dll
0x0000000077670000 - 0x000000007778f000 	C:\Windows\system32\kernel32.dll
0x000007fefd5f0000 - 0x000007fefd65c000 	C:\Windows\system32\KERNELBASE.dll
0x0000000074460000 - 0x0000000074554000 	C:\Program Files\MATLAB\R2012a\bin\win64\libut.dll
0x00000000758a0000 - 0x0000000075952000 	C:\Program Files\MATLAB\R2012a\bin\win64\libmwi18n.dll
0x0000000180000000 - 0x000000018000b000 	C:\Program Files\MATLAB\R2012a\bin\win64\libmwresource_core.dll
0x000000006db20000 - 0x000000006dbf3000 	C:\Windows\WinSxS\amd64_microsoft.vc90.crt_1fc8b3b9a1e18e3b_9.0.30729.6161_none_08e61857a83bc251\MSVCP90.dll
0x000000006dc00000 - 0x000000006dca3000 	C:\Windows\WinSxS\amd64_microsoft.vc90.crt_1fc8b3b9a1e18e3b_9.0.30729.6161_none_08e61857a83bc251\MSVCR90.dll
0x000000007a170000 - 0x000000007a19c000 	C:\Program Files\MATLAB\R2012a\bin\win64\boost_filesystem-vc90-mt-1_44.dll
0x000000007a560000 - 0x000000007a569000 	C:\Program Files\MATLAB\R2012a\bin\win64\boost_system-vc90-mt-1_44.dll
0x000007feff170000 - 0x000007feff24b000 	C:\Windows\system32\ADVAPI32.dll
0x000007fefdaf0000 - 0x000007fefdb8f000 	C:\Windows\system32\msvcrt.dll
0x000007feff780000 - 0x000007feff79f000 	C:\Windows\SYSTEM32\sechost.dll
0x000007feff040000 - 0x000007feff16d000 	C:\Windows\system32\RPCRT4.dll
0x000000007a010000 - 0x000000007a035000 	C:\Program Files\MATLAB\R2012a\bin\win64\LIBEXPAT.dll
0x0000000064ac0000 - 0x0000000064cb1000 	C:\Program Files\MATLAB\R2012a\bin\win64\icuin44.dll
0x0000000064d40000 - 0x0000000064eb1000 	C:\Program Files\MATLAB\R2012a\bin\win64\icuuc44.dll
0x0000000010000000 - 0x0000000010e41000 	C:\Program Files\MATLAB\R2012a\bin\win64\icudt44.dll
0x0000000073f70000 - 0x00000000740ad000 	C:\Program Files\MATLAB\R2012a\bin\win64\libmwfl.dll
0x0000000004340000 - 0x0000000004636000 	C:\Program Files\MATLAB\R2012a\bin\win64\libmwMATLAB_res.dll
0x000000007a3b0000 - 0x000000007a3c0000 	C:\Program Files\MATLAB\R2012a\bin\win64\boost_date_time-vc90-mt-1_44.dll
0x000000007a250000 - 0x000000007a263000 	C:\Program Files\MATLAB\R2012a\bin\win64\boost_signals-vc90-mt-1_44.dll
0x000000007a2d0000 - 0x000000007a2e2000 	C:\Program Files\MATLAB\R2012a\bin\win64\boost_thread-vc90-mt-1_44.dll
0x0000000004190000 - 0x00000000041d6000 	C:\Program Files\MATLAB\R2012a\bin\win64\tbb.dll
0x000007feff800000 - 0x000007feff819000 	C:\Windows\system32\imagehlp.dll
0x0000000077950000 - 0x0000000077957000 	C:\Windows\system32\PSAPI.DLL
0x0000000065c60000 - 0x0000000065c73000 	C:\Program Files\MATLAB\R2012a\bin\win64\icuio44.dll
0x000007fefb350000 - 0x000007fefb475000 	C:\Windows\system32\dbghelp.dll
0x0000000077570000 - 0x000000007766a000 	C:\Windows\system32\USER32.dll
0x000007feff710000 - 0x000007feff777000 	C:\Windows\system32\GDI32.dll
0x000007feff8c0000 - 0x000007feff8ce000 	C:\Windows\system32\LPK.dll
0x000007fefdb90000 - 0x000007fefdc59000 	C:\Windows\system32\USP10.dll
0x000000007bed0000 - 0x000000007c183000 	C:\Program Files\MATLAB\R2012a\bin\win64\libmwservices.dll
0x0000000075a20000 - 0x0000000075ae2000 	C:\Program Files\MATLAB\R2012a\bin\win64\libmx.dll
0x000000007a210000 - 0x000000007a228000 	C:\Program Files\MATLAB\R2012a\bin\win64\zlib1.dll
0x0000000004640000 - 0x0000000004661000 	C:\Program Files\MATLAB\R2012a\bin\win64\libmwmfl_scalar.dll
0x0000000075f10000 - 0x0000000075f5d000 	C:\Program Files\MATLAB\R2012a\bin\win64\mpath.dll
0x000000007b680000 - 0x000000007bbe1000 	C:\Program Files\MATLAB\R2012a\bin\win64\mlutil.dll
0x0000000065340000 - 0x00000000653bf000 	C:\Program Files\MATLAB\R2012a\bin\win64\xmlcore.dll
0x000000007bc30000 - 0x000000007be83000 	C:\Program Files\MATLAB\R2012a\bin\win64\xerces-c_2_7.dll
0x000007feff7b0000 - 0x000007feff7fd000 	C:\Windows\system32\WS2_32.dll
0x000007feff7a0000 - 0x000007feff7a8000 	C:\Windows\system32\NSI.dll
0x00000000046b0000 - 0x00000000046ca000 	C:\Program Files\MATLAB\R2012a\bin\win64\libmwMATLAB_settings_res.dll
0x00000000046e0000 - 0x0000000004727000 	C:\Program Files\MATLAB\R2012a\bin\win64\boost_serialization-vc90-mt-1_44.dll
0x000007fefe2b0000 - 0x000007feff039000 	C:\Windows\system32\SHELL32.dll
0x000007fefdea0000 - 0x000007fefdf11000 	C:\Windows\system32\SHLWAPI.dll
0x000007fefa660000 - 0x000007fefa700000 	C:\Windows\WinSxS\amd64_microsoft.windows.common-controls_6595b64144ccf1df_5.82.7601.18201_none_a4d3b9377117c3df\COMCTL32.dll
0x000007feff460000 - 0x000007feff4f7000 	C:\Windows\system32\COMDLG32.dll
0x000007fefa430000 - 0x000007fefa446000 	C:\Windows\system32\NETAPI32.dll
0x000007fefa320000 - 0x000007fefa32c000 	C:\Windows\system32\netutils.dll
0x000007fefd0c0000 - 0x000007fefd0e3000 	C:\Windows\system32\srvcli.dll
0x000007fefa2e0000 - 0x000007fefa2f5000 	C:\Windows\system32\wkscli.dll
0x000007feff250000 - 0x000007feff453000 	C:\Windows\system32\ole32.dll
0x000007fefdf20000 - 0x000007fefdff7000 	C:\Windows\system32\OLEAUT32.dll
0x0000000074970000 - 0x0000000074b06000 	C:\Program Files\MATLAB\R2012a\bin\win64\mcr.dll
0x0000000075000000 - 0x000000007536b000 	C:\Program Files\MATLAB\R2012a\bin\win64\iqm.dll
0x0000000064290000 - 0x0000000064ab1000 	C:\Program Files\MATLAB\R2012a\bin\win64\m_interpreter.dll
0x0000000065310000 - 0x0000000065335000 	C:\Program Files\MATLAB\R2012a\bin\win64\libmex.dll
0x0000000064f40000 - 0x0000000064ff3000 	C:\Program Files\MATLAB\R2012a\bin\win64\m_dispatcher.dll
0x0000000074880000 - 0x000000007496d000 	C:\Program Files\MATLAB\R2012a\bin\win64\boost_regex-vc90-mt-1_44.dll
0x0000000064200000 - 0x0000000064284000 	C:\Program Files\MATLAB\R2012a\bin\win64\profiler.dll
0x00000000047b0000 - 0x0000000004a05000 	C:\Program Files\MATLAB\R2012a\bin\win64\libmwmathutil.dll
0x0000000079f40000 - 0x0000000079f6d000 	C:\Program Files\MATLAB\R2012a\bin\win64\libmwmathrng.dll
0x0000000074c10000 - 0x0000000074ced000 	C:\Program Files\MATLAB\R2012a\bin\win64\libmwmathcore.dll
0x0000000076160000 - 0x00000000761cb000 	C:\Program Files\MATLAB\R2012a\bin\win64\libmwspmatrix.dll
0x0000000075ea0000 - 0x0000000075f02000 	C:\Program Files\MATLAB\R2012a\bin\win64\libmwcholmod.dll
0x000000007a460000 - 0x000000007a46d000 	C:\Program Files\MATLAB\R2012a\bin\win64\libmwamd.dll
0x000000007a4b0000 - 0x000000007a4bc000 	C:\Program Files\MATLAB\R2012a\bin\win64\libmwcolamd.dll
0x00000000652f0000 - 0x0000000065309000 	C:\Program Files\MATLAB\R2012a\bin\win64\libmwblas.dll
0x0000000064f20000 - 0x0000000064f32000 	C:\Program Files\MATLAB\R2012a\bin\win64\libmwbinder.dll
0x0000000065650000 - 0x000000006565b000 	C:\Program Files\MATLAB\R2012a\bin\win64\libmwompwrapper.dll
0x0000000064170000 - 0x00000000641f6000 	C:\Program Files\MATLAB\R2012a\bin\win64\libmwlapack.dll
0x0000000064d10000 - 0x0000000064d31000 	C:\Program Files\MATLAB\R2012a\bin\win64\m_pcodeio.dll
0x0000000079b10000 - 0x0000000079b77000 	C:\Program Files\MATLAB\R2012a\bin\win64\m_ir.dll
0x0000000063b20000 - 0x0000000064170000 	C:\Program Files\MATLAB\R2012a\bin\win64\m_parser.dll
0x0000000064cf0000 - 0x0000000064d0a000 	C:\Program Files\MATLAB\R2012a\bin\win64\ir_xfmr.dll
0x00000000638a0000 - 0x0000000063b19000 	C:\Program Files\MATLAB\R2012a\bin\win64\mcos.dll
0x0000000064ce0000 - 0x0000000064cec000 	C:\Program Files\MATLAB\R2012a\bin\win64\mtok.dll
0x0000000063860000 - 0x0000000063891000 	C:\Program Files\MATLAB\R2012a\bin\win64\m_pcodegen.dll
0x0000000079fb0000 - 0x0000000079fe7000 	C:\Program Files\MATLAB\R2012a\bin\win64\libmwbridge.dll
0x00000000614f0000 - 0x00000000615b8000 	C:\Program Files\MATLAB\R2012a\bin\win64\udd.dll
0x000000005fef0000 - 0x0000000060042000 	C:\Program Files\MATLAB\R2012a\bin\win64\libmwgui.dll
0x0000000064cc0000 - 0x0000000064cd7000 	C:\Program Files\MATLAB\R2012a\bin\win64\graphics_util.dll
0x000000005ef20000 - 0x000000005f8c3000 	C:\Program Files\MATLAB\R2012a\bin\win64\hg.dll
0x0000000004b80000 - 0x0000000004be7000 	C:\Program Files\MATLAB\R2012a\bin\win64\libmat.dll
0x0000000072d30000 - 0x0000000072f44000 	C:\Program Files\MATLAB\R2012a\bin\win64\hdf5dll.dll
0x0000000075710000 - 0x00000000757c1000 	C:\Program Files\MATLAB\R2012a\bin\win64\jmi.dll
0x0000000004c20000 - 0x0000000004c2e000 	C:\Program Files\MATLAB\R2012a\bin\win64\nativejava_services.dll
0x0000000063810000 - 0x0000000063852000 	C:\Program Files\MATLAB\R2012a\bin\win64\libmwhardcopy.dll
0x00000000637b0000 - 0x000000006380a000 	C:\Program Files\MATLAB\R2012a\bin\win64\libuij.dll
0x000000005fce0000 - 0x000000005feec000 	C:\Program Files\MATLAB\R2012a\bin\win64\hgdatatypes.dll
0x000000005fbe0000 - 0x000000005fcdd000 	C:\Program Files\MATLAB\R2012a\bin\win64\hgutils.dll
0x000000005fb20000 - 0x000000005fbdd000 	C:\Program Files\MATLAB\R2012a\bin\win64\udd_mi.dll
0x0000000004c90000 - 0x0000000004ccb000 	C:\Program Files\MATLAB\R2012a\bin\win64\libmwgbtutils.dll
0x0000000004ce0000 - 0x0000000004cf9000 	C:\Program Files\MATLAB\R2012a\bin\win64\libmwgbt.dll
0x0000000004d10000 - 0x0000000004fda000 	C:\Program Files\MATLAB\R2012a\bin\win64\uiw.dll
0x00000000637a0000 - 0x00000000637af000 	C:\Program Files\MATLAB\R2012a\bin\win64\uinone.dll
0x000007fefaa70000 - 0x000007fefaa88000 	C:\Windows\system32\MPR.dll
0x000000005b980000 - 0x000000005be64000 	C:\Windows\WinSxS\amd64_microsoft.vc90.mfc_1fc8b3b9a1e18e3b_9.0.30729.6161_none_044aad0bab1eb146\mfc90.dll
0x000007fefa840000 - 0x000007fefa847000 	C:\Windows\system32\MSIMG32.dll
0x000007fef9100000 - 0x000007fef9171000 	C:\Windows\system32\WINSPOOL.DRV
0x0000000063670000 - 0x0000000063690000 	C:\Program Files\MATLAB\R2012a\bin\win64\mwoles05.DLL
0x0000000061470000 - 0x00000000614ec000 	C:\Program Files\MATLAB\R2012a\bin\win64\comcli.dll
0x0000000073e20000 - 0x0000000073e4f000 	C:\Windows\WinSxS\amd64_microsoft.vc90.atl_1fc8b3b9a1e18e3b_9.0.30729.6161_none_0a1fd3a3a768b895\ATL90.DLL
0x0000000063590000 - 0x000000006359c000 	C:\Program Files\MATLAB\R2012a\bin\win64\mlautoregister.dll
0x0000000005030000 - 0x0000000005040000 	C:\Program Files\MATLAB\R2012a\bin\win64\boost_iostreams-vc90-mt-1_44.dll
0x000007feff6e0000 - 0x000007feff70e000 	C:\Windows\system32\IMM32.DLL
0x000007fefd960000 - 0x000007fefda69000 	C:\Windows\system32\MSCTF.dll
0x000007fefd4d0000 - 0x000007fefd50c000 	C:\Windows\system32\nvinitx.dll
0x000007fefbb00000 - 0x000007fefbb56000 	C:\Windows\system32\UxTheme.dll
0x000007fefb0d0000 - 0x000007fefb0e8000 	C:\Windows\system32\dwmapi.dll
0x00000000052e0000 - 0x0000000005309000 	C:\Program Files\MATLAB\R2012a\bin\win64\tbbmalloc.dll
0x0000000078870000 - 0x0000000078ecd000 	C:\Program Files\MATLAB\R2012a\sys\java\jre\win64\jre\bin\server\jvm.dll
0x000007fefb730000 - 0x000007fefb76b000 	C:\Windows\system32\WINMM.dll
0x000007fefd5b0000 - 0x000007fefd5bf000 	C:\Windows\system32\profapi.dll
0x000007fefa570000 - 0x000007fefa597000 	C:\Windows\system32\iphlpapi.dll
0x000007fefa760000 - 0x000007fefa76b000 	C:\Windows\system32\WINNSI.DLL
0x000007fefcb80000 - 0x000007fefcbdb000 	C:\Windows\system32\DNSAPI.dll
0x000007fefa330000 - 0x000007fefa348000 	C:\Windows\system32\dhcpcsvc.DLL
0x000007fefa2c0000 - 0x000007fefa2d1000 	C:\Windows\system32\dhcpcsvc6.DLL
0x0000000063580000 - 0x0000000063583000 	C:\Windows\system32\icmp.Dll
0x000007fefd3c0000 - 0x000007fefd3cf000 	C:\Windows\system32\CRYPTBASE.dll
0x000007fefd7d0000 - 0x000007fefd806000 	C:\Windows\system32\CFGMGR32.dll
0x000007feff820000 - 0x000007feff8b9000 	C:\Windows\system32\CLBCatQ.DLL
0x0000000007160000 - 0x00000000071aa000 	C:\Program Files\Acer\Acer ePower Management\SysHook.dll
0x000000007a440000 - 0x000000007a44e000 	C:\Program Files\MATLAB\R2012a\sys\java\jre\win64\jre\bin\verify.dll
0x000000007a070000 - 0x000000007a097000 	C:\Program Files\MATLAB\R2012a\sys\java\jre\win64\jre\bin\java.dll

VM Arguments:
jvm_args: -Xss512k -XX:PermSize=32m -Xms64m -XX:NewRatio=3 -XX:MaxPermSize=128m -Xmx196m -XX:MaxDirectMemorySize=2147400000 -Dsun.java2d.noddraw=true -Dsun.awt.nopixfmt=true -Xshare:off -Xrs -Dsun.awt.disableMixing=true -Djava.library.path=C:\Program Files\MATLAB\R2012a\bin\win64 vfprintf abort 
java_command: <unknown>
Launcher Type: generic

Environment Variables:
PATH=C:\Program Files (x86)\NVIDIA Corporation\PhysX\Common;C:\Program Files\Common Files\Microsoft Shared\Windows Live;C:\Program Files (x86)\Common Files\Microsoft Shared\Windows Live;C:\Windows\system32;C:\Windows;C:\Windows\System32\Wbem;C:\Windows\System32\WindowsPowerShell\v1.0\;C:\Program Files (x86)\Windows Live\Shared;C:\Program Files (x86)\EgisTec MyWinLocker\x64;C:\Program Files (x86)\EgisTec MyWinLocker\;c:\Program Files (x86)\Microsoft SQL Server\100\Tools\Binn\;c:\Program Files\Microsoft SQL Server\100\Tools\Binn\;c:\Program Files\Microsoft SQL Server\100\DTS\Binn\;C:\Program Files (x86)\Deskshare\My Screen Recorder Pro 4\;C:\Program Files\MATLAB\R2012a\runtime\win64;C:\Program Files\MATLAB\R2012a\bin
USERNAME=Administrator
OS=Windows_NT
PROCESSOR_IDENTIFIER=Intel64 Family 6 Model 42 Stepping 7, GenuineIntel



---------------  S Y S T E M  ---------------

OS: Windows 7 Build 7601 Service Pack 1

CPU:total 4 (8 cores per cpu, 2 threads per core) family 6 model 42 stepping 7, cmov, cx8, fxsr, mmx, sse, sse2, sse3, ssse3, sse4.1, sse4.2, ht

Memory: 4k page, physical 4042608k(410368k free), swap 8085092k(5240k free)

vm_info: Java HotSpot(TM) 64-Bit Server VM (14.3-b01) for windows-amd64 JRE (1.6.0_17-b04), built on Oct 11 2009 00:46:08 by "java_re" with MS VC++ 8.0

time: Sun Oct 02 01:40:11 2016
elapsed time: 3516 seconds

